<?xml version="1.0" encoding="UTF-8"?>
<!-- Generated by org.testng.reporters.JUnitReportReporter -->
<testsuite skipped="0" hostname="DESKTOP-38E0UH6" name="laybuy.TestExample" tests="3" failures="0" timestamp="2021-07-15T22:06:23 NZST" time="1.074" errors="0">
  <testcase name="test_2" time="0.085" classname="laybuy.TestExample"/>
  <system-out/>
  <testcase name="test_1" time="0.023" classname="laybuy.TestExample"/>
  <system-out/>
  <testcase name="test_3" time="0.966" classname="laybuy.TestExample"/>
  <system-out/>
</testsuite> <!-- laybuy.TestExample -->
